g:\coding\wfpsampleexe\debug\wfpsampleexe.pch
g:\coding\wfpsampleexe\debug\vc142.pdb
g:\coding\wfpsampleexe\debug\vc142.idb
g:\coding\wfpsampleexe\debug\stdafx.obj
g:\coding\wfpsampleexe\debug\wfpsampleexe.obj
g:\coding\wfpsampleexe\debug\wfpsampleexedlg.obj
g:\coding\wfpsampleexe\debug\wfpsampleexe.ilk
g:\coding\wfpsampleexe\debug\wfpsampleexe.exe
g:\coding\wfpsampleexe\debug\wfpsampleexe.pdb
g:\coding\wfpsampleexe\debug\wfpsampleexe.res
g:\coding\wfp\wfpsampleexe\debug\stdafx.obj
g:\coding\wfp\wfpsampleexe\debug\wfpsampleexe.obj
g:\coding\wfp\wfpsampleexe\debug\wfpsampleexedlg.obj
g:\coding\wfp\wfpsampleexe\debug\wfpsampleexe.ilk
g:\coding\wfp\wfpsampleexe\debug\wfpsampleexe.res
g:\coding\wfp\wfpsampleexe\debug\wfpsampleexe.pch
g:\coding\wfp\wfpsampleexe\debug\vc142.idb
g:\coding\wfp\wfpsampleexe\debug\vc142.pdb
g:\coding\wfp\wfpsampleexe\debug\wfpsampleexe.pdb
g:\coding\wfp\wfpsampleexe\debug\wfpsampleexe.exe
g:\coding\wfp\wfpsampleexe\debug\wfpsampleexe.tlog\cl.command.1.tlog
g:\coding\wfp\wfpsampleexe\debug\wfpsampleexe.tlog\cl.read.1.tlog
g:\coding\wfp\wfpsampleexe\debug\wfpsampleexe.tlog\cl.write.1.tlog
g:\coding\wfp\wfpsampleexe\debug\wfpsampleexe.tlog\link.command.1.tlog
g:\coding\wfp\wfpsampleexe\debug\wfpsampleexe.tlog\link.read.1.tlog
g:\coding\wfp\wfpsampleexe\debug\wfpsampleexe.tlog\link.write.1.tlog
g:\coding\wfp\wfpsampleexe\debug\wfpsampleexe.tlog\rc.command.1.tlog
g:\coding\wfp\wfpsampleexe\debug\wfpsampleexe.tlog\rc.read.1.tlog
g:\coding\wfp\wfpsampleexe\debug\wfpsampleexe.tlog\rc.write.1.tlog
